0 info it worked if it ends with ok
1 verbose cli [ 'node', '/usr/local/bin/npm', 'publish' ]
2 info using npm@2.10.1
3 info using node@v0.12.4
4 verbose publish [ '.' ]
5 silly cache add args [ '.', null ]
6 verbose cache add spec .
7 silly cache add parsed spec { raw: '.',
7 silly cache add   scope: null,
7 silly cache add   name: null,
7 silly cache add   rawSpec: '.',
7 silly cache add   spec: '/Users/mlima/node-hello-world',
7 silly cache add   type: 'directory' }
8 verbose addLocalDirectory /Users/mlima/.npm/node-hello-world/1.0.0/package.tgz not in flight; packing
9 verbose tar pack [ '/Users/mlima/.npm/node-hello-world/1.0.0/package.tgz',
9 verbose tar pack   '/Users/mlima/node-hello-world' ]
10 verbose tarball /Users/mlima/.npm/node-hello-world/1.0.0/package.tgz
11 verbose folder /Users/mlima/node-hello-world
12 info prepublish node-hello-world@1.0.0
13 verbose addLocalTarball adding from inside cache /Users/mlima/.npm/node-hello-world/1.0.0/package.tgz
14 silly cache afterAdd node-hello-world@1.0.0
15 verbose afterAdd /Users/mlima/.npm/node-hello-world/1.0.0/package/package.json not in flight; writing
16 verbose afterAdd /Users/mlima/.npm/node-hello-world/1.0.0/package/package.json written
17 silly publish { name: 'node-hello-world',
17 silly publish   version: '1.0.0',
17 silly publish   description: '(My very first package)',
17 silly publish   main: 'index.js',
17 silly publish   scripts: { test: 'echo "Error: no test specified" && exit 1' },
17 silly publish   repository:
17 silly publish    { type: 'git',
17 silly publish      url: 'git+https://github.com/mlimapch/node-hello-world.git' },
17 silly publish   author: { name: 'mlimapch' },
17 silly publish   license: '(MIT)',
17 silly publish   bugs: { url: 'https://github.com/mlimapch/node-hello-world/issues' },
17 silly publish   homepage: 'https://github.com/mlimapch/node-hello-world#readme',
17 silly publish   readme: '# node-hello-world\nThis is my first repository on Github\n',
17 silly publish   readmeFilename: 'README.md',
17 silly publish   gitHead: '679e1c4c04483c44aa0e335d941588b924534953',
17 silly publish   _id: 'node-hello-world@1.0.0',
17 silly publish   _shasum: '7b9e51b61144ea4e25c2bed6c723c2a49859c1c5',
17 silly publish   _from: '.' }
18 verbose getPublishConfig undefined
19 silly mapToRegistry name node-hello-world
20 silly mapToRegistry using default registry
21 silly mapToRegistry registry https://registry.npmjs.org/
22 silly mapToRegistry uri https://registry.npmjs.org/node-hello-world
23 verbose publish registryBase https://registry.npmjs.org/
24 silly publish uploading /Users/mlima/.npm/node-hello-world/1.0.0/package.tgz
25 verbose stack Error: auth required for publishing
25 verbose stack     at CachingRegistryClient.publish (/usr/local/lib/node_modules/npm/node_modules/npm-registry-client/lib/publish.js:30:14)
25 verbose stack     at /usr/local/lib/node_modules/npm/lib/publish.js:134:14
25 verbose stack     at mapToRegistry (/usr/local/lib/node_modules/npm/lib/utils/map-to-registry.js:55:3)
25 verbose stack     at publish_ (/usr/local/lib/node_modules/npm/lib/publish.js:104:3)
25 verbose stack     at Array.<anonymous> (/usr/local/lib/node_modules/npm/node_modules/slide/lib/bind-actor.js:15:8)
25 verbose stack     at LOOP (/usr/local/lib/node_modules/npm/node_modules/slide/lib/chain.js:15:14)
25 verbose stack     at LOOP (/usr/local/lib/node_modules/npm/node_modules/slide/lib/chain.js:14:28)
25 verbose stack     at chain (/usr/local/lib/node_modules/npm/node_modules/slide/lib/chain.js:20:5)
25 verbose stack     at /usr/local/lib/node_modules/npm/lib/publish.js:73:5
25 verbose stack     at RES (/usr/local/lib/node_modules/npm/node_modules/inflight/inflight.js:23:14)
26 verbose cwd /Users/mlima/node-hello-world
27 error Darwin 14.4.0
28 error argv "node" "/usr/local/bin/npm" "publish"
29 error node v0.12.4
30 error npm  v2.10.1
31 error code ENEEDAUTH
32 error need auth auth required for publishing
32 error need auth You need to authorize this machine using `npm adduser`
33 verbose exit [ 1, true ]
